<?xml version="1.0" encoding="UTF-8"?>
<!-- Generated by org.testng.reporters.JUnitXMLReporter -->
<testsuite ignored="5" hostname="Pritam-h17" failures="0" tests="1" name="Default test" time="3.052" errors="0" timestamp="2025-01-26T21:02:10 IST">
  <testcase classname="PetStore.orders" name="DeletePurchaseId" time="3.009"/>
  <testcase classname="PetStore.orders" name="PlaceOrder" time="0.0">
    <ignored/>
  </testcase> <!-- PlaceOrder -->
  <testcase classname="PetStore.orders" name="GetDeleteedorderId" time="0.0">
    <ignored/>
  </testcase> <!-- GetDeleteedorderId -->
  <testcase classname="PetStore.orders" name="LatestGetInventory" time="0.0">
    <ignored/>
  </testcase> <!-- LatestGetInventory -->
  <testcase classname="PetStore.orders" name="GetInventory" time="0.0">
    <ignored/>
  </testcase> <!-- GetInventory -->
  <testcase classname="PetStore.orders" name="GetOrderID" time="0.0">
    <ignored/>
  </testcase> <!-- GetOrderID -->
</testsuite> <!-- Default test -->
