<?xml version="1.0" encoding="UTF-8"?>
<testng-results ignored="0" total="1" passed="1" failed="0" skipped="0">
  <reporter-output>
  </reporter-output>
  <suite started-at="2025-01-26T21:02:07 IST" name="Default suite" finished-at="2025-01-26T21:02:10 IST" duration-ms="3052">
    <groups>
    </groups>
    <test started-at="2025-01-26T21:02:07 IST" name="Default test" finished-at="2025-01-26T21:02:10 IST" duration-ms="3052">
      <class name="PetStore.orders">
        <test-method signature="DeletePurchaseId()[pri:5, instance:PetStore.orders@dd8ba08]" started-at="2025-01-26T21:02:07 IST" name="DeletePurchaseId" finished-at="2025-01-26T21:02:10 IST" duration-ms="3009" status="PASS">
          <reporter-output>
          </reporter-output>
        </test-method> <!-- DeletePurchaseId -->
      </class> <!-- PetStore.orders -->
    </test> <!-- Default test -->
  </suite> <!-- Default suite -->
</testng-results>
